<?xml version="1.0" encoding="UTF-8"?>
<!-- Generated by org.testng.reporters.JUnitReportReporter -->
<testsuite hostname="SarthakSyduAIO" failures="0" tests="1" name="com.tutorialsninja.practice.testcases.CompleteTest" time="26.426" errors="0" timestamp="2023-05-29T22:01:52 EDT" skipped="0">
  <testcase classname="com.tutorialsninja.practice.testcases.CompleteTest" name="completeBuying" time="26.426"/>
  <system-out/>
</testsuite> <!-- com.tutorialsninja.practice.testcases.CompleteTest -->
