<?xml version="1.0" encoding="UTF-8"?>
<!-- Generated by org.testng.reporters.JUnitReportReporter -->
<testsuite hostname="SarthakSyduAIO" failures="0" tests="4" name="com.tutorialsninja.practice.testcases.CompleteTest" time="43.857" errors="0" timestamp="30 May 2023 02:05:17 GMT" skipped="0">
  <testcase classname="com.tutorialsninja.practice.testcases.CompleteTest" name="completeTestCasePositively" time="5.436"/>
  <testcase classname="com.tutorialsninja.practice.testcases.CompleteTest" name="clickOnLaptopsandNotebooks" time="6.084"/>
  <testcase classname="com.tutorialsninja.practice.testcases.CompleteTest" name="clickOnHPLaptop" time="7.599"/>
  <testcase classname="com.tutorialsninja.practice.testcases.CompleteTest" name="completeBuying" time="24.738"/>
</testsuite> <!-- com.tutorialsninja.practice.testcases.CompleteTest -->
